2023-04-06 01:07:21 INFO GOOGLE_BOOKS: The Seven Husbands of Evelyn Hugo by Taylor Jenkins Reid, Cover URL: http://books.google.com/books/content?id=5KlizgEACAAJ&printsec=frontcover&img=1&zoom=1&source=gbs_api
2023-04-06 01:07:21 INFO GOOGLE_BOOKS: It Ends with Us (It Ends with Us, #1) by Colleen Hoover, Cover URL: http://books.google.com/books/content?id=wmnuDwAAQBAJ&printsec=frontcover&img=1&zoom=1&edge=curl&source=gbs_api
2023-04-06 01:07:21 INFO GOOGLE_BOOKS: The Song of Achilles by Madeline Miller, Cover URL: http://books.google.com/books/content?id=JUMIEAAAQBAJ&printsec=frontcover&img=1&zoom=1&edge=curl&source=gbs_api
2023-04-06 01:07:22 INFO GOOGLE_BOOKS: The Love Hypothesis by Ali Hazelwood, Cover URL: http://books.google.com/books/content?id=J4QUEAAAQBAJ&printsec=frontcover&img=1&zoom=1&edge=curl&source=gbs_api
2023-04-06 01:07:23 INFO GOOGLE_BOOKS: The Cruel Prince (The Folk of the Air, #1) by Holly Black, Cover URL: http://books.google.com/books/content?id=_7_bDwAAQBAJ&printsec=frontcover&img=1&zoom=1&edge=curl&source=gbs_api
2023-04-06 01:07:23 INFO GOOGLE_BOOKS: The Invisible Life of Addie LaRue by V.E. Schwab, Cover URL: http://books.google.com/books/content?id=vH3LDwAAQBAJ&printsec=frontcover&img=1&zoom=1&edge=curl&source=gbs_api
2023-04-06 01:07:24 INFO GOOGLE_BOOKS: A Court of Thorns and Roses (A Court of Thorns and Roses, #1) by Sarah J. Maas, Cover URL: http://books.google.com/books/content?id=GynbBQAAQBAJ&printsec=frontcover&img=1&zoom=1&edge=curl&source=gbs_api
2023-04-06 01:07:24 INFO GOOGLE_BOOKS: They Both Die at the End by Adam Silvera, Cover URL: http://books.google.com/books/content?id=5pSyDQAAQBAJ&printsec=frontcover&img=1&zoom=1&edge=curl&source=gbs_api
2023-04-06 01:07:25 INFO GOOGLE_BOOKS: Six of Crows (Six of Crows, #1) by Leigh Bardugo, Cover URL: http://books.google.com/books/content?id=yhIRBwAAQBAJ&printsec=frontcover&img=1&zoom=1&edge=curl&source=gbs_api
2023-04-06 01:07:26 INFO GOOGLE_BOOKS: Red, White & Royal Blue by Casey McQuiston, Cover URL: http://books.google.com/books/content?id=NCzhDwAAQBAJ&printsec=frontcover&img=1&zoom=1&edge=curl&source=gbs_api
2023-04-06 01:07:26 INFO GOOGLE_BOOKS: From Blood and Ash (Blood and Ash, #1) by Jennifer L. Armentrout, Cover URL: http://books.google.com/books/content?id=SpXZDwAAQBAJ&printsec=frontcover&img=1&zoom=1&edge=curl&source=gbs_api
2023-04-06 01:07:27 INFO GOOGLE_BOOKS: Ugly Love (Kindle Edition) by Colleen Hoover, Cover URL: http://books.google.com/books/content?id=kyPbBgAAQBAJ&printsec=frontcover&img=1&zoom=1&source=gbs_api
2023-04-06 01:07:28 INFO GOOGLE_BOOKS: The Spanish Love Deception (Spanish Love Deception, #1) by Elena  Armas, Cover URL: http://books.google.com/books/content?id=KXREzgEACAAJ&printsec=frontcover&img=1&zoom=1&source=gbs_api
2023-04-06 01:07:28 INFO GOOGLE_BOOKS: Verity by Colleen Hoover, Cover URL: http://books.google.com/books/content?id=ISxGEAAAQBAJ&printsec=frontcover&img=1&zoom=1&edge=curl&source=gbs_api
2023-04-06 01:07:29 INFO GOOGLE_BOOKS: People We Meet on Vacation by Emily Henry, Cover URL: http://books.google.com/books/content?id=xcL3DwAAQBAJ&printsec=frontcover&img=1&zoom=1&edge=curl&source=gbs_api
2023-04-06 01:07:29 INFO GOOGLE_BOOKS: We Were Liars (Kindle Edition) by E. Lockhart, Cover URL: http://books.google.com/books/content?id=xF2REAAAQBAJ&printsec=frontcover&img=1&zoom=1&source=gbs_api
2023-04-06 01:07:30 INFO GOOGLE_BOOKS: The Inheritance Games (The Inheritance Games, #1) by Jennifer Lynn Barnes, Cover URL: http://books.google.com/books/content?id=XjPUDwAAQBAJ&printsec=frontcover&img=1&zoom=1&edge=curl&source=gbs_api
2023-04-06 01:07:31 INFO GOOGLE_BOOKS: Beach Read by Emily Henry, Cover URL: http://books.google.com/books/content?id=lxGuDwAAQBAJ&printsec=frontcover&img=1&zoom=1&edge=curl&source=gbs_api
2023-04-06 01:07:31 INFO GOOGLE_BOOKS: A Good Girl's Guide to Murder (A Good Girl's Guide to Murder, #1) by Holly  Jackson, Cover URL: http://books.google.com/books/content?id=wrUlEAAAQBAJ&printsec=frontcover&img=1&zoom=1&edge=curl&source=gbs_api
2023-04-06 01:07:32 INFO GOOGLE_BOOKS: Shatter Me (Shatter Me, #1) by Tahereh Mafi, Cover URL: http://books.google.com/books/content?id=UB6E-h0wS84C&printsec=frontcover&img=1&zoom=1&edge=curl&source=gbs_api
2023-04-06 01:07:33 INFO GOOGLE_BOOKS: The Hating Game by Sally  Thorne, Cover URL: http://books.google.com/books/content?id=5a3rCgAAQBAJ&printsec=frontcover&img=1&zoom=1&edge=curl&source=gbs_api
2023-04-06 01:07:33 INFO GOOGLE_BOOKS: The Unhoneymooners by Christina Lauren, Cover URL: http://books.google.com/books/content?id=3kaBDwAAQBAJ&printsec=frontcover&img=1&zoom=1&edge=curl&source=gbs_api
2023-04-06 01:07:34 INFO GOOGLE_BOOKS: Shadow and Bone (The Shadow and Bone Trilogy, #1) by Leigh Bardugo, Cover URL: http://books.google.com/books/content?id=H-wblEEbz0YC&printsec=frontcover&img=1&zoom=1&edge=curl&source=gbs_api
2023-04-06 01:07:35 INFO GOOGLE_BOOKS: Circe by Madeline Miller, Cover URL: http://books.google.com/books/content?id=tScwDwAAQBAJ&printsec=frontcover&img=1&zoom=1&edge=curl&source=gbs_api
2023-04-06 01:07:35 INFO GOOGLE_BOOKS: Daisy Jones & The Six by Taylor Jenkins Reid, Cover URL: http://books.google.com/books/content?id=g3d1uAEACAAJ&printsec=frontcover&img=1&zoom=1&source=gbs_api
2023-04-06 01:07:36 INFO GOOGLE_BOOKS: Kingdom of the Wicked (Kingdom of the Wicked, #1) by Kerri Maniscalco, Cover URL: http://books.google.com/books/content?id=hLHSDwAAQBAJ&printsec=frontcover&img=1&zoom=1&edge=curl&source=gbs_api
2023-04-06 01:07:37 INFO GOOGLE_BOOKS: These Violent Delights (These Violent Delights, #1) by Chloe Gong, Cover URL: http://books.google.com/books/content?id=l-jNDwAAQBAJ&printsec=frontcover&img=1&zoom=1&edge=curl&source=gbs_api
2023-04-06 01:07:37 INFO GOOGLE_BOOKS: Caraval (Caraval, #1) by Stephanie Garber, Cover URL: http://books.google.com/books/content?id=2ywKDAAAQBAJ&printsec=frontcover&img=1&zoom=1&edge=curl&source=gbs_api
2023-04-06 01:07:37 INFO GOOGLE_BOOKS: Punk 57 (Kindle Edition) by Penelope Douglas, Cover URL: 
2023-04-06 01:07:38 INFO GOOGLE_BOOKS: The Midnight Library by Matt Haig, Cover URL: http://books.google.com/books/content?id=exTZzQEACAAJ&printsec=frontcover&img=1&zoom=1&source=gbs_api
2023-04-06 01:07:39 INFO GOOGLE_BOOKS: Serpent & Dove (Serpent & Dove, #1) by Shelby Mahurin, Cover URL: http://books.google.com/books/content?id=EX6LCwAAQBAJ&printsec=frontcover&img=1&zoom=1&edge=curl&source=gbs_api
2023-04-06 01:07:39 INFO GOOGLE_BOOKS: A Touch of Darkness (Hades & Persephone, #1) by Scarlett St.  Clair, Cover URL: https://dummyimage.com/128x198/fff/000000.jpg&text=Afbeelding+niet+gevonden
2023-04-06 01:07:40 INFO GOOGLE_BOOKS: Dance of Thieves (Dance of Thieves, #1) by Mary E. Pearson, Cover URL: http://books.google.com/books/content?id=6u9nEAAAQBAJ&printsec=frontcover&img=1&zoom=1&edge=curl&source=gbs_api
2023-04-06 01:07:40 INFO GOOGLE_BOOKS: Normal People by Sally Rooney, Cover URL: http://books.google.com/books/content?id=cjmREAAAQBAJ&printsec=frontcover&img=1&zoom=1&source=gbs_api
2023-04-06 01:07:41 INFO GOOGLE_BOOKS: Red Queen (Red Queen, #1) by Victoria Aveyard, Cover URL: http://books.google.com/books/content?id=EPO9BQAAQBAJ&printsec=frontcover&img=1&zoom=1&edge=curl&source=gbs_api
2023-04-06 01:07:42 INFO GOOGLE_BOOKS: The Shadows Between Us (The Shadows Between Us, #1) by Tricia Levenseller, Cover URL: http://books.google.com/books/content?id=WH9qEAAAQBAJ&printsec=frontcover&img=1&zoom=1&edge=curl&source=gbs_api
2023-04-06 01:07:43 INFO GOOGLE_BOOKS: November 9 by Colleen Hoover, Cover URL: http://books.google.com/books/content?id=DHwmDQAAQBAJ&printsec=frontcover&img=1&zoom=1&edge=curl&source=gbs_api
2023-04-06 01:07:43 INFO GOOGLE_BOOKS: A Court of Mist and Fury (A Court of Thorns and Roses, #2) by Sarah J. Maas, Cover URL: http://books.google.com/books/content?id=LtEkCwAAQBAJ&printsec=frontcover&img=1&zoom=1&edge=curl&source=gbs_api
2023-04-06 01:07:44 INFO GOOGLE_BOOKS: It Happened One Summer (Bellinger Sisters, #1) by Tessa Bailey, Cover URL: http://books.google.com/books/content?id=wXoCEAAAQBAJ&printsec=frontcover&img=1&zoom=1&edge=curl&source=gbs_api
2023-04-06 01:07:44 INFO GOOGLE_BOOKS: The Deal (Off-Campus, #1) by Elle Kennedy, Cover URL: http://books.google.com/books/content?id=iwBaDwAAQBAJ&printsec=frontcover&img=1&zoom=1&edge=curl&source=gbs_api
2023-04-06 01:07:45 INFO GOOGLE_BOOKS: The Fine Print (Dreamland Billionaires, #1) by Lauren Asher, Cover URL: http://books.google.com/books/content?id=QYVTEAAAQBAJ&printsec=frontcover&img=1&zoom=1&edge=curl&source=gbs_api
2023-04-06 01:07:45 INFO GOOGLE_BOOKS: Throne of Glass (Throne of Glass, #1) by Sarah J. Maas, Cover URL: http://books.google.com/books/content?id=D8GIcKPGNR8C&printsec=frontcover&img=1&zoom=1&edge=curl&source=gbs_api
2023-04-06 01:07:46 INFO GOOGLE_BOOKS: The Atlas Six (The Atlas, #1) by Olivie Blake, Cover URL: http://books.google.com/books/content?id=5K5szgEACAAJ&printsec=frontcover&img=1&zoom=1&source=gbs_api
2023-04-06 01:07:46 INFO GOOGLE_BOOKS: House of Earth and Blood (Crescent City, #1) by Sarah J. Maas, Cover URL: http://books.google.com/books/content?id=wh6QDwAAQBAJ&printsec=frontcover&img=1&zoom=1&edge=curl&source=gbs_api
2023-04-06 01:07:47 INFO GOOGLE_BOOKS: Book Lovers by Emily Henry, Cover URL: http://books.google.com/books/content?id=3GY7EAAAQBAJ&printsec=frontcover&img=1&zoom=1&edge=curl&source=gbs_api
2023-04-06 01:07:48 INFO GOOGLE_BOOKS: Daughter of the Pirate King (Daughter of the Pirate King, #1) by Tricia Levenseller, Cover URL: http://books.google.com/books/content?id=VH9qEAAAQBAJ&printsec=frontcover&img=1&zoom=1&edge=curl&source=gbs_api
2023-04-06 01:07:49 INFO GOOGLE_BOOKS: One of Us Is Lying (One of Us is Lying, #1) by Karen M. McManus, Cover URL: http://books.google.com/books/content?id=dy86DQAAQBAJ&printsec=frontcover&img=1&zoom=1&edge=curl&source=gbs_api
2023-04-06 01:07:49 INFO GOOGLE_BOOKS: Twisted Love (Twisted, #1) by Ana Huang, Cover URL: http://books.google.com/books/content?id=qwlWzgEACAAJ&printsec=frontcover&img=1&zoom=1&source=gbs_api
2023-04-06 01:07:50 INFO GOOGLE_BOOKS: The Priory of the Orange Tree (The Roots of Chaos, #1) by Samantha    Shannon, Cover URL: http://books.google.com/books/content?id=QexdDwAAQBAJ&printsec=frontcover&img=1&zoom=1&edge=curl&source=gbs_api
2023-04-06 01:07:50 INFO GOOGLE_BOOKS: We Hunt the Flame (Sands of Arawiya, #1) by Hafsah Faizal, Cover URL: http://books.google.com/books/content?id=mr1nDwAAQBAJ&printsec=frontcover&img=1&zoom=1&edge=curl&source=gbs_api
2023-04-06 01:07:50 INFO JSON: JSON file created succesfully
2023-05-04 21:22:06 INFO JSON: JSON file created succesfully
